/*C3*/SET SCHEMA PUBLIC
drop table Buyers if exists
drop table productions if exists
drop table shops if exists
create table Buyers (id integer generated by default as identity (start with 1), Fname varchar(255) not null, Lname varchar(255) not null, age integer not null, city varchar(255) not null, phonenum integer not null, primary key (id))
create table productions (id integer generated by default as identity (start with 1), procategory varchar(255) not null, procolor varchar(255) not null, proname varchar(255) not null, proprice  integer not null, prosize integer not null, primary key (id))
create table shops (id integer generated by default as identity (start with 1), city varchar(255) not null, name varchar(255) not null, primary key (id))
alter table Buyers add constraint UK_h7kihhegw73ex1v39f9qp86m  unique (Fname)
alter table Buyers add constraint UK_gjt6d6fp0rmval5ehliprymor  unique (Lname)
alter table productions add constraint UK_brt6p7o7usvsi39twb3acrp35  unique (procategory)
alter table productions add constraint UK_oyowgibyyauyvfdkn30qxqx0b  unique (proname)
INSERT INTO BUYERS VALUES(1,'fname0','lname0',0,'city0',0)
COMMIT
INSERT INTO BUYERS VALUES(2,'fname1','lname1',1,'city1',1)
COMMIT
INSERT INTO BUYERS VALUES(3,'fname2','lname2',2,'city2',2)
COMMIT
INSERT INTO BUYERS VALUES(4,'fname3','lname3',3,'city3',3)
COMMIT
INSERT INTO BUYERS VALUES(5,'fname4','lname4',4,'city4',4)
COMMIT
INSERT INTO BUYERS VALUES(6,'fname5','lname5',5,'city5',5)
COMMIT
INSERT INTO BUYERS VALUES(7,'fname6','lname6',6,'city6',6)
COMMIT
INSERT INTO BUYERS VALUES(8,'fname7','lname7',7,'city7',7)
COMMIT
INSERT INTO BUYERS VALUES(9,'fname8','lname8',8,'city8',8)
COMMIT
INSERT INTO BUYERS VALUES(10,'fname9','lname9',9,'city9',9)
COMMIT
INSERT INTO BUYERS VALUES(11,'fname10','lname10',10,'city10',10)
COMMIT
INSERT INTO BUYERS VALUES(12,'fname11','lname11',11,'city11',11)
COMMIT
INSERT INTO BUYERS VALUES(13,'fname12','lname12',12,'city12',12)
COMMIT
INSERT INTO BUYERS VALUES(14,'fname13','lname13',13,'city13',13)
COMMIT
INSERT INTO BUYERS VALUES(15,'fname14','lname14',14,'city14',14)
COMMIT
INSERT INTO BUYERS VALUES(16,'fname15','lname15',15,'city15',15)
COMMIT
INSERT INTO BUYERS VALUES(17,'fname16','lname16',16,'city16',16)
COMMIT
INSERT INTO BUYERS VALUES(18,'fname17','lname17',17,'city17',17)
COMMIT
INSERT INTO BUYERS VALUES(19,'fname18','lname18',18,'city18',18)
COMMIT
INSERT INTO BUYERS VALUES(20,'fname19','lname19',19,'city19',19)
COMMIT
INSERT INTO BUYERS VALUES(21,'fname20','lname20',20,'city20',20)
COMMIT
INSERT INTO BUYERS VALUES(22,'fname21','lname21',21,'city21',21)
COMMIT
INSERT INTO BUYERS VALUES(23,'fname22','lname22',22,'city22',22)
COMMIT
INSERT INTO BUYERS VALUES(24,'fname23','lname23',23,'city23',23)
COMMIT
INSERT INTO BUYERS VALUES(25,'fname24','lname24',24,'city24',24)
COMMIT
INSERT INTO BUYERS VALUES(26,'fname25','lname25',25,'city25',25)
COMMIT
INSERT INTO BUYERS VALUES(27,'fname26','lname26',26,'city26',26)
COMMIT
INSERT INTO BUYERS VALUES(28,'fname27','lname27',27,'city27',27)
COMMIT
INSERT INTO BUYERS VALUES(29,'fname28','lname28',28,'city28',28)
COMMIT
INSERT INTO BUYERS VALUES(30,'fname29','lname29',29,'city29',29)
COMMIT
INSERT INTO BUYERS VALUES(31,'fname30','lname30',30,'city30',30)
COMMIT
INSERT INTO BUYERS VALUES(32,'fname31','lname31',31,'city31',31)
COMMIT
INSERT INTO BUYERS VALUES(33,'fname32','lname32',32,'city32',32)
COMMIT
INSERT INTO BUYERS VALUES(34,'fname33','lname33',33,'city33',33)
COMMIT
INSERT INTO BUYERS VALUES(35,'fname34','lname34',34,'city34',34)
COMMIT
INSERT INTO BUYERS VALUES(36,'fname35','lname35',35,'city35',35)
COMMIT
INSERT INTO BUYERS VALUES(37,'fname36','lname36',36,'city36',36)
COMMIT
INSERT INTO BUYERS VALUES(38,'fname37','lname37',37,'city37',37)
COMMIT
INSERT INTO BUYERS VALUES(39,'fname38','lname38',38,'city38',38)
COMMIT
INSERT INTO BUYERS VALUES(40,'fname39','lname39',39,'city39',39)
COMMIT
INSERT INTO BUYERS VALUES(41,'fname40','lname40',40,'city40',40)
COMMIT
INSERT INTO BUYERS VALUES(42,'fname41','lname41',41,'city41',41)
COMMIT
INSERT INTO BUYERS VALUES(43,'fname42','lname42',42,'city42',42)
COMMIT
INSERT INTO BUYERS VALUES(44,'fname43','lname43',43,'city43',43)
COMMIT
INSERT INTO BUYERS VALUES(45,'fname44','lname44',44,'city44',44)
COMMIT
INSERT INTO BUYERS VALUES(46,'fname45','lname45',45,'city45',45)
COMMIT
INSERT INTO BUYERS VALUES(47,'fname46','lname46',46,'city46',46)
COMMIT
INSERT INTO BUYERS VALUES(48,'fname47','lname47',47,'city47',47)
COMMIT
INSERT INTO BUYERS VALUES(49,'fname48','lname48',48,'city48',48)
COMMIT
INSERT INTO BUYERS VALUES(50,'fname49','lname49',49,'city49',49)
COMMIT
INSERT INTO BUYERS VALUES(51,'fname50','lname50',50,'city50',50)
COMMIT
INSERT INTO BUYERS VALUES(52,'fname51','lname51',51,'city51',51)
COMMIT
INSERT INTO BUYERS VALUES(53,'fname52','lname52',52,'city52',52)
COMMIT
INSERT INTO BUYERS VALUES(54,'fname53','lname53',53,'city53',53)
COMMIT
INSERT INTO BUYERS VALUES(55,'fname54','lname54',54,'city54',54)
COMMIT
INSERT INTO BUYERS VALUES(56,'fname55','lname55',55,'city55',55)
COMMIT
INSERT INTO BUYERS VALUES(57,'fname56','lname56',56,'city56',56)
COMMIT
INSERT INTO BUYERS VALUES(58,'fname57','lname57',57,'city57',57)
COMMIT
INSERT INTO BUYERS VALUES(59,'fname58','lname58',58,'city58',58)
COMMIT
INSERT INTO BUYERS VALUES(60,'fname59','lname59',59,'city59',59)
COMMIT
INSERT INTO BUYERS VALUES(61,'fname60','lname60',60,'city60',60)
COMMIT
INSERT INTO BUYERS VALUES(62,'fname61','lname61',61,'city61',61)
COMMIT
INSERT INTO BUYERS VALUES(63,'fname62','lname62',62,'city62',62)
COMMIT
INSERT INTO BUYERS VALUES(64,'fname63','lname63',63,'city63',63)
COMMIT
INSERT INTO BUYERS VALUES(65,'fname64','lname64',64,'city64',64)
COMMIT
INSERT INTO BUYERS VALUES(66,'fname65','lname65',65,'city65',65)
COMMIT
INSERT INTO BUYERS VALUES(67,'fname66','lname66',66,'city66',66)
COMMIT
INSERT INTO BUYERS VALUES(68,'fname67','lname67',67,'city67',67)
COMMIT
INSERT INTO BUYERS VALUES(69,'fname68','lname68',68,'city68',68)
COMMIT
INSERT INTO BUYERS VALUES(70,'fname69','lname69',69,'city69',69)
COMMIT
INSERT INTO BUYERS VALUES(71,'fname70','lname70',70,'city70',70)
COMMIT
INSERT INTO BUYERS VALUES(72,'fname71','lname71',71,'city71',71)
COMMIT
INSERT INTO BUYERS VALUES(73,'fname72','lname72',72,'city72',72)
COMMIT
INSERT INTO BUYERS VALUES(74,'fname73','lname73',73,'city73',73)
COMMIT
INSERT INTO BUYERS VALUES(75,'fname74','lname74',74,'city74',74)
COMMIT
INSERT INTO BUYERS VALUES(76,'fname75','lname75',75,'city75',75)
COMMIT
INSERT INTO BUYERS VALUES(77,'fname76','lname76',76,'city76',76)
COMMIT
INSERT INTO BUYERS VALUES(78,'fname77','lname77',77,'city77',77)
COMMIT
INSERT INTO BUYERS VALUES(79,'fname78','lname78',78,'city78',78)
COMMIT
INSERT INTO BUYERS VALUES(80,'fname79','lname79',79,'city79',79)
COMMIT
INSERT INTO BUYERS VALUES(81,'fname80','lname80',80,'city80',80)
COMMIT
INSERT INTO BUYERS VALUES(82,'fname81','lname81',81,'city81',81)
COMMIT
INSERT INTO BUYERS VALUES(83,'fname82','lname82',82,'city82',82)
COMMIT
INSERT INTO BUYERS VALUES(84,'fname83','lname83',83,'city83',83)
COMMIT
INSERT INTO BUYERS VALUES(85,'fname84','lname84',84,'city84',84)
COMMIT
INSERT INTO BUYERS VALUES(86,'fname85','lname85',85,'city85',85)
COMMIT
INSERT INTO BUYERS VALUES(87,'fname86','lname86',86,'city86',86)
COMMIT
INSERT INTO BUYERS VALUES(88,'fname87','lname87',87,'city87',87)
COMMIT
INSERT INTO BUYERS VALUES(89,'fname88','lname88',88,'city88',88)
COMMIT
INSERT INTO BUYERS VALUES(90,'fname89','lname89',89,'city89',89)
COMMIT
INSERT INTO BUYERS VALUES(91,'fname90','lname90',90,'city90',90)
COMMIT
INSERT INTO BUYERS VALUES(92,'fname91','lname91',91,'city91',91)
COMMIT
INSERT INTO BUYERS VALUES(93,'fname92','lname92',92,'city92',92)
COMMIT
INSERT INTO BUYERS VALUES(94,'fname93','lname93',93,'city93',93)
COMMIT
INSERT INTO BUYERS VALUES(95,'fname94','lname94',94,'city94',94)
COMMIT
INSERT INTO BUYERS VALUES(96,'fname95','lname95',95,'city95',95)
COMMIT
INSERT INTO BUYERS VALUES(97,'fname96','lname96',96,'city96',96)
COMMIT
INSERT INTO BUYERS VALUES(98,'fname97','lname97',97,'city97',97)
COMMIT
INSERT INTO BUYERS VALUES(99,'fname98','lname98',98,'city98',98)
COMMIT
INSERT INTO BUYERS VALUES(100,'fname99','lname99',99,'city99',99)
COMMIT
DELETE FROM BUYERS WHERE ID=1
COMMIT
/*C4*/SET SCHEMA PUBLIC
drop table Buyers if exists
drop table productions if exists
drop table shops if exists
create table Buyers (id integer generated by default as identity (start with 1), Fname varchar(255) not null, Lname varchar(255) not null, age integer not null, city varchar(255) not null, phonenum integer not null, primary key (id))
create table productions (id integer generated by default as identity (start with 1), procategory varchar(255) not null, procolor varchar(255) not null, proname varchar(255) not null, proprice  integer not null, prosize integer not null, primary key (id))
create table shops (id integer generated by default as identity (start with 1), city varchar(255) not null, name varchar(255) not null, primary key (id))
alter table Buyers add constraint UK_h7kihhegw73ex1v39f9qp86m  unique (Fname)
alter table Buyers add constraint UK_gjt6d6fp0rmval5ehliprymor  unique (Lname)
alter table productions add constraint UK_brt6p7o7usvsi39twb3acrp35  unique (procategory)
alter table productions add constraint UK_oyowgibyyauyvfdkn30qxqx0b  unique (proname)
INSERT INTO BUYERS VALUES(1,'fname0','lname0',0,'city0',0)
COMMIT
INSERT INTO BUYERS VALUES(2,'fname1','lname1',1,'city1',1)
COMMIT
INSERT INTO BUYERS VALUES(3,'fname2','lname2',2,'city2',2)
COMMIT
INSERT INTO BUYERS VALUES(4,'fname3','lname3',3,'city3',3)
COMMIT
INSERT INTO BUYERS VALUES(5,'fname4','lname4',4,'city4',4)
COMMIT
INSERT INTO BUYERS VALUES(6,'fname5','lname5',5,'city5',5)
COMMIT
INSERT INTO BUYERS VALUES(7,'fname6','lname6',6,'city6',6)
COMMIT
INSERT INTO BUYERS VALUES(8,'fname7','lname7',7,'city7',7)
COMMIT
INSERT INTO BUYERS VALUES(9,'fname8','lname8',8,'city8',8)
COMMIT
INSERT INTO BUYERS VALUES(10,'fname9','lname9',9,'city9',9)
COMMIT
INSERT INTO BUYERS VALUES(11,'fname10','lname10',10,'city10',10)
COMMIT
INSERT INTO BUYERS VALUES(12,'fname11','lname11',11,'city11',11)
COMMIT
INSERT INTO BUYERS VALUES(13,'fname12','lname12',12,'city12',12)
COMMIT
INSERT INTO BUYERS VALUES(14,'fname13','lname13',13,'city13',13)
COMMIT
INSERT INTO BUYERS VALUES(15,'fname14','lname14',14,'city14',14)
COMMIT
INSERT INTO BUYERS VALUES(16,'fname15','lname15',15,'city15',15)
COMMIT
INSERT INTO BUYERS VALUES(17,'fname16','lname16',16,'city16',16)
COMMIT
INSERT INTO BUYERS VALUES(18,'fname17','lname17',17,'city17',17)
COMMIT
INSERT INTO BUYERS VALUES(19,'fname18','lname18',18,'city18',18)
COMMIT
INSERT INTO BUYERS VALUES(20,'fname19','lname19',19,'city19',19)
COMMIT
INSERT INTO BUYERS VALUES(21,'fname20','lname20',20,'city20',20)
COMMIT
INSERT INTO BUYERS VALUES(22,'fname21','lname21',21,'city21',21)
COMMIT
INSERT INTO BUYERS VALUES(23,'fname22','lname22',22,'city22',22)
COMMIT
INSERT INTO BUYERS VALUES(24,'fname23','lname23',23,'city23',23)
COMMIT
INSERT INTO BUYERS VALUES(25,'fname24','lname24',24,'city24',24)
COMMIT
INSERT INTO BUYERS VALUES(26,'fname25','lname25',25,'city25',25)
COMMIT
INSERT INTO BUYERS VALUES(27,'fname26','lname26',26,'city26',26)
COMMIT
INSERT INTO BUYERS VALUES(28,'fname27','lname27',27,'city27',27)
COMMIT
INSERT INTO BUYERS VALUES(29,'fname28','lname28',28,'city28',28)
COMMIT
INSERT INTO BUYERS VALUES(30,'fname29','lname29',29,'city29',29)
COMMIT
INSERT INTO BUYERS VALUES(31,'fname30','lname30',30,'city30',30)
COMMIT
INSERT INTO BUYERS VALUES(32,'fname31','lname31',31,'city31',31)
COMMIT
INSERT INTO BUYERS VALUES(33,'fname32','lname32',32,'city32',32)
COMMIT
INSERT INTO BUYERS VALUES(34,'fname33','lname33',33,'city33',33)
COMMIT
INSERT INTO BUYERS VALUES(35,'fname34','lname34',34,'city34',34)
COMMIT
INSERT INTO BUYERS VALUES(36,'fname35','lname35',35,'city35',35)
COMMIT
INSERT INTO BUYERS VALUES(37,'fname36','lname36',36,'city36',36)
COMMIT
INSERT INTO BUYERS VALUES(38,'fname37','lname37',37,'city37',37)
COMMIT
INSERT INTO BUYERS VALUES(39,'fname38','lname38',38,'city38',38)
COMMIT
INSERT INTO BUYERS VALUES(40,'fname39','lname39',39,'city39',39)
COMMIT
INSERT INTO BUYERS VALUES(41,'fname40','lname40',40,'city40',40)
COMMIT
INSERT INTO BUYERS VALUES(42,'fname41','lname41',41,'city41',41)
COMMIT
INSERT INTO BUYERS VALUES(43,'fname42','lname42',42,'city42',42)
COMMIT
INSERT INTO BUYERS VALUES(44,'fname43','lname43',43,'city43',43)
COMMIT
INSERT INTO BUYERS VALUES(45,'fname44','lname44',44,'city44',44)
COMMIT
INSERT INTO BUYERS VALUES(46,'fname45','lname45',45,'city45',45)
COMMIT
INSERT INTO BUYERS VALUES(47,'fname46','lname46',46,'city46',46)
COMMIT
INSERT INTO BUYERS VALUES(48,'fname47','lname47',47,'city47',47)
COMMIT
INSERT INTO BUYERS VALUES(49,'fname48','lname48',48,'city48',48)
COMMIT
INSERT INTO BUYERS VALUES(50,'fname49','lname49',49,'city49',49)
COMMIT
INSERT INTO BUYERS VALUES(51,'fname50','lname50',50,'city50',50)
COMMIT
INSERT INTO BUYERS VALUES(52,'fname51','lname51',51,'city51',51)
COMMIT
INSERT INTO BUYERS VALUES(53,'fname52','lname52',52,'city52',52)
COMMIT
INSERT INTO BUYERS VALUES(54,'fname53','lname53',53,'city53',53)
COMMIT
INSERT INTO BUYERS VALUES(55,'fname54','lname54',54,'city54',54)
COMMIT
INSERT INTO BUYERS VALUES(56,'fname55','lname55',55,'city55',55)
COMMIT
INSERT INTO BUYERS VALUES(57,'fname56','lname56',56,'city56',56)
COMMIT
INSERT INTO BUYERS VALUES(58,'fname57','lname57',57,'city57',57)
COMMIT
INSERT INTO BUYERS VALUES(59,'fname58','lname58',58,'city58',58)
COMMIT
INSERT INTO BUYERS VALUES(60,'fname59','lname59',59,'city59',59)
COMMIT
INSERT INTO BUYERS VALUES(61,'fname60','lname60',60,'city60',60)
COMMIT
INSERT INTO BUYERS VALUES(62,'fname61','lname61',61,'city61',61)
COMMIT
INSERT INTO BUYERS VALUES(63,'fname62','lname62',62,'city62',62)
COMMIT
INSERT INTO BUYERS VALUES(64,'fname63','lname63',63,'city63',63)
COMMIT
INSERT INTO BUYERS VALUES(65,'fname64','lname64',64,'city64',64)
COMMIT
INSERT INTO BUYERS VALUES(66,'fname65','lname65',65,'city65',65)
COMMIT
INSERT INTO BUYERS VALUES(67,'fname66','lname66',66,'city66',66)
COMMIT
INSERT INTO BUYERS VALUES(68,'fname67','lname67',67,'city67',67)
COMMIT
INSERT INTO BUYERS VALUES(69,'fname68','lname68',68,'city68',68)
COMMIT
INSERT INTO BUYERS VALUES(70,'fname69','lname69',69,'city69',69)
COMMIT
INSERT INTO BUYERS VALUES(71,'fname70','lname70',70,'city70',70)
COMMIT
INSERT INTO BUYERS VALUES(72,'fname71','lname71',71,'city71',71)
COMMIT
INSERT INTO BUYERS VALUES(73,'fname72','lname72',72,'city72',72)
COMMIT
INSERT INTO BUYERS VALUES(74,'fname73','lname73',73,'city73',73)
COMMIT
INSERT INTO BUYERS VALUES(75,'fname74','lname74',74,'city74',74)
COMMIT
INSERT INTO BUYERS VALUES(76,'fname75','lname75',75,'city75',75)
COMMIT
INSERT INTO BUYERS VALUES(77,'fname76','lname76',76,'city76',76)
COMMIT
INSERT INTO BUYERS VALUES(78,'fname77','lname77',77,'city77',77)
COMMIT
INSERT INTO BUYERS VALUES(79,'fname78','lname78',78,'city78',78)
COMMIT
INSERT INTO BUYERS VALUES(80,'fname79','lname79',79,'city79',79)
COMMIT
INSERT INTO BUYERS VALUES(81,'fname80','lname80',80,'city80',80)
COMMIT
INSERT INTO BUYERS VALUES(82,'fname81','lname81',81,'city81',81)
COMMIT
INSERT INTO BUYERS VALUES(83,'fname82','lname82',82,'city82',82)
COMMIT
INSERT INTO BUYERS VALUES(84,'fname83','lname83',83,'city83',83)
COMMIT
INSERT INTO BUYERS VALUES(85,'fname84','lname84',84,'city84',84)
COMMIT
INSERT INTO BUYERS VALUES(86,'fname85','lname85',85,'city85',85)
COMMIT
INSERT INTO BUYERS VALUES(87,'fname86','lname86',86,'city86',86)
COMMIT
INSERT INTO BUYERS VALUES(88,'fname87','lname87',87,'city87',87)
COMMIT
INSERT INTO BUYERS VALUES(89,'fname88','lname88',88,'city88',88)
COMMIT
INSERT INTO BUYERS VALUES(90,'fname89','lname89',89,'city89',89)
COMMIT
INSERT INTO BUYERS VALUES(91,'fname90','lname90',90,'city90',90)
COMMIT
INSERT INTO BUYERS VALUES(92,'fname91','lname91',91,'city91',91)
COMMIT
INSERT INTO BUYERS VALUES(93,'fname92','lname92',92,'city92',92)
COMMIT
INSERT INTO BUYERS VALUES(94,'fname93','lname93',93,'city93',93)
COMMIT
INSERT INTO BUYERS VALUES(95,'fname94','lname94',94,'city94',94)
COMMIT
INSERT INTO BUYERS VALUES(96,'fname95','lname95',95,'city95',95)
COMMIT
INSERT INTO BUYERS VALUES(97,'fname96','lname96',96,'city96',96)
COMMIT
INSERT INTO BUYERS VALUES(98,'fname97','lname97',97,'city97',97)
COMMIT
INSERT INTO BUYERS VALUES(99,'fname98','lname98',98,'city98',98)
COMMIT
INSERT INTO BUYERS VALUES(100,'fname99','lname99',99,'city99',99)
COMMIT
DELETE FROM BUYERS WHERE ID=1
COMMIT
